mode: set
github.com/vitoraalmeida/url/url.go:17.41,19.11 2 1
github.com/vitoraalmeida/url/url.go:23.2,25.43 3 1
github.com/vitoraalmeida/url/url.go:29.2,29.38 1 1
github.com/vitoraalmeida/url/url.go:19.11,21.3 1 1
github.com/vitoraalmeida/url/url.go:25.43,27.3 1 1
github.com/vitoraalmeida/url/url.go:33.29,35.11 2 1
github.com/vitoraalmeida/url/url.go:38.2,38.21 1 1
github.com/vitoraalmeida/url/url.go:35.11,37.3 1 1
github.com/vitoraalmeida/url/url.go:42.33,44.11 2 1
github.com/vitoraalmeida/url/url.go:47.2,47.19 1 1
github.com/vitoraalmeida/url/url.go:44.11,46.3 1 1
github.com/vitoraalmeida/url/url.go:50.31,52.2 1 1
